<?xml version="1.0" encoding="UTF-8"?>
<testsuite xmlns:xsi="http://www.w3.org/2001/XMLSchema-instance" xsi:noNamespaceSchemaLocation="https://maven.apache.org/surefire/maven-surefire-plugin/xsd/surefire-test-report.xsd" name="uvsq.AppTest" time="0.097" tests="1" errors="0" skipped="0" failures="0">
  <properties>
    <property name="sun.desktop" value="windows"/>
    <property name="awt.toolkit" value="sun.awt.windows.WToolkit"/>
    <property name="file.encoding.pkg" value="sun.io"/>
    <property name="java.specification.version" value="1.8"/>
    <property name="sun.cpu.isalist" value="amd64"/>
    <property name="sun.jnu.encoding" value="Cp1252"/>
    <property name="java.class.path" value="C:\Users\Winsido\Desktop\GIT\StageJenaRDF\target\test-classes;C:\Users\Winsido\Desktop\GIT\StageJenaRDF\target\classes;C:\Users\Winsido\.m2\repository\junit\junit\4.11\junit-4.11.jar;C:\Users\Winsido\.m2\repository\org\hamcrest\hamcrest-core\1.3\hamcrest-core-1.3.jar;C:\Users\Winsido\.m2\repository\org\apache\jena\jena-tdb\3.9.0\jena-tdb-3.9.0.jar;C:\Users\Winsido\.m2\repository\org\apache\jena\jena-arq\3.9.0\jena-arq-3.9.0.jar;C:\Users\Winsido\.m2\repository\org\apache\jena\jena-core\3.9.0\jena-core-3.9.0.jar;C:\Users\Winsido\.m2\repository\org\apache\jena\jena-iri\3.9.0\jena-iri-3.9.0.jar;C:\Users\Winsido\.m2\repository\commons-cli\commons-cli\1.4\commons-cli-1.4.jar;C:\Users\Winsido\.m2\repository\org\apache\jena\jena-base\3.9.0\jena-base-3.9.0.jar;C:\Users\Winsido\.m2\repository\org\apache\commons\commons-csv\1.5\commons-csv-1.5.jar;C:\Users\Winsido\.m2\repository\org\apache\commons\commons-compress\1.17\commons-compress-1.17.jar;C:\Users\Winsido\.m2\repository\com\github\andrewoma\dexx\collection\0.7\collection-0.7.jar;C:\Users\Winsido\.m2\repository\org\apache\jena\jena-shaded-guava\3.9.0\jena-shaded-guava-3.9.0.jar;C:\Users\Winsido\.m2\repository\org\apache\httpcomponents\httpclient\4.5.5\httpclient-4.5.5.jar;C:\Users\Winsido\.m2\repository\org\apache\httpcomponents\httpcore\4.4.9\httpcore-4.4.9.jar;C:\Users\Winsido\.m2\repository\com\github\jsonld-java\jsonld-java\0.12.1\jsonld-java-0.12.1.jar;C:\Users\Winsido\.m2\repository\com\fasterxml\jackson\core\jackson-core\2.9.6\jackson-core-2.9.6.jar;C:\Users\Winsido\.m2\repository\com\fasterxml\jackson\core\jackson-databind\2.9.6\jackson-databind-2.9.6.jar;C:\Users\Winsido\.m2\repository\com\fasterxml\jackson\core\jackson-annotations\2.9.0\jackson-annotations-2.9.0.jar;C:\Users\Winsido\.m2\repository\commons-io\commons-io\2.6\commons-io-2.6.jar;C:\Users\Winsido\.m2\repository\org\apache\httpcomponents\httpclient-cache\4.5.5\httpclient-cache-4.5.5.jar;C:\Users\Winsido\.m2\repository\org\apache\thrift\libthrift\0.10.0\libthrift-0.10.0.jar;C:\Users\Winsido\.m2\repository\org\slf4j\jcl-over-slf4j\1.7.25\jcl-over-slf4j-1.7.25.jar;C:\Users\Winsido\.m2\repository\org\apache\commons\commons-lang3\3.4\commons-lang3-3.4.jar;C:\Users\Winsido\.m2\repository\org\apache\jena\jena-tdb2\3.9.0\jena-tdb2-3.9.0.jar;C:\Users\Winsido\.m2\repository\org\apache\jena\jena-dboe-trans-data\3.9.0\jena-dboe-trans-data-3.9.0.jar;C:\Users\Winsido\.m2\repository\org\apache\jena\jena-dboe-transaction\3.9.0\jena-dboe-transaction-3.9.0.jar;C:\Users\Winsido\.m2\repository\org\apache\jena\jena-dboe-base\3.9.0\jena-dboe-base-3.9.0.jar;C:\Users\Winsido\.m2\repository\org\apache\jena\jena-dboe-index\3.9.0\jena-dboe-index-3.9.0.jar;C:\Users\Winsido\.m2\repository\org\apache\jena\jena-rdfconnection\3.9.0\jena-rdfconnection-3.9.0.jar;C:\Users\Winsido\.m2\repository\org\slf4j\slf4j-api\1.7.25\slf4j-api-1.7.25.jar;C:\Users\Winsido\.m2\repository\org\apache\jena\jena-cmds\3.9.0\jena-cmds-3.9.0.jar;C:\Users\Winsido\.m2\repository\org\slf4j\slf4j-log4j12\1.7.25\slf4j-log4j12-1.7.25.jar;C:\Users\Winsido\.m2\repository\log4j\log4j\1.2.17\log4j-1.2.17.jar;C:\Users\Winsido\.m2\repository\org\apache\jena\jena-text\3.9.0\jena-text-3.9.0.jar;C:\Users\Winsido\.m2\repository\commons-codec\commons-codec\1.11\commons-codec-1.11.jar;C:\Users\Winsido\.m2\repository\org\apache\lucene\lucene-core\6.4.1\lucene-core-6.4.1.jar;C:\Users\Winsido\.m2\repository\org\apache\lucene\lucene-analyzers-common\6.4.1\lucene-analyzers-common-6.4.1.jar;C:\Users\Winsido\.m2\repository\org\apache\lucene\lucene-queryparser\6.4.1\lucene-queryparser-6.4.1.jar;C:\Users\Winsido\.m2\repository\org\apache\lucene\lucene-queries\6.4.1\lucene-queries-6.4.1.jar;C:\Users\Winsido\.m2\repository\org\apache\lucene\lucene-sandbox\6.4.1\lucene-sandbox-6.4.1.jar;C:\Users\Winsido\.m2\repository\org\apache\lucene\lucene-highlighter\6.4.1\lucene-highlighter-6.4.1.jar;C:\Users\Winsido\.m2\repository\org\apache\lucene\lucene-join\6.4.1\lucene-join-6.4.1.jar;C:\Users\Winsido\.m2\repository\org\apache\lucene\lucene-memory\6.4.1\lucene-memory-6.4.1.jar;"/>
    <property name="java.vm.vendor" value="Oracle Corporation"/>
    <property name="sun.arch.data.model" value="64"/>
    <property name="user.variant" value=""/>
    <property name="java.vendor.url" value="http://java.oracle.com/"/>
    <property name="user.timezone" value="Europe/Paris"/>
    <property name="java.vm.specification.version" value="1.8"/>
    <property name="os.name" value="Windows 10"/>
    <property name="user.country" value="FR"/>
    <property name="sun.java.launcher" value="SUN_STANDARD"/>
    <property name="sun.boot.library.path" value="C:\Program Files\Java\jdk1.8.0_101\jre\bin"/>
    <property name="sun.java.command" value="C:\Users\Winsido\AppData\Local\Temp\surefire3013613741841536792\surefirebooter873388590283688852.jar C:\Users\Winsido\AppData\Local\Temp\surefire3013613741841536792 2019-07-19T10-16-22_257-jvmRun1 surefire2150071837611791417tmp surefire_09026166881744796688tmp"/>
    <property name="surefire.test.class.path" value="C:\Users\Winsido\Desktop\GIT\StageJenaRDF\target\test-classes;C:\Users\Winsido\Desktop\GIT\StageJenaRDF\target\classes;C:\Users\Winsido\.m2\repository\junit\junit\4.11\junit-4.11.jar;C:\Users\Winsido\.m2\repository\org\hamcrest\hamcrest-core\1.3\hamcrest-core-1.3.jar;C:\Users\Winsido\.m2\repository\org\apache\jena\jena-tdb\3.9.0\jena-tdb-3.9.0.jar;C:\Users\Winsido\.m2\repository\org\apache\jena\jena-arq\3.9.0\jena-arq-3.9.0.jar;C:\Users\Winsido\.m2\repository\org\apache\jena\jena-core\3.9.0\jena-core-3.9.0.jar;C:\Users\Winsido\.m2\repository\org\apache\jena\jena-iri\3.9.0\jena-iri-3.9.0.jar;C:\Users\Winsido\.m2\repository\commons-cli\commons-cli\1.4\commons-cli-1.4.jar;C:\Users\Winsido\.m2\repository\org\apache\jena\jena-base\3.9.0\jena-base-3.9.0.jar;C:\Users\Winsido\.m2\repository\org\apache\commons\commons-csv\1.5\commons-csv-1.5.jar;C:\Users\Winsido\.m2\repository\org\apache\commons\commons-compress\1.17\commons-compress-1.17.jar;C:\Users\Winsido\.m2\repository\com\github\andrewoma\dexx\collection\0.7\collection-0.7.jar;C:\Users\Winsido\.m2\repository\org\apache\jena\jena-shaded-guava\3.9.0\jena-shaded-guava-3.9.0.jar;C:\Users\Winsido\.m2\repository\org\apache\httpcomponents\httpclient\4.5.5\httpclient-4.5.5.jar;C:\Users\Winsido\.m2\repository\org\apache\httpcomponents\httpcore\4.4.9\httpcore-4.4.9.jar;C:\Users\Winsido\.m2\repository\com\github\jsonld-java\jsonld-java\0.12.1\jsonld-java-0.12.1.jar;C:\Users\Winsido\.m2\repository\com\fasterxml\jackson\core\jackson-core\2.9.6\jackson-core-2.9.6.jar;C:\Users\Winsido\.m2\repository\com\fasterxml\jackson\core\jackson-databind\2.9.6\jackson-databind-2.9.6.jar;C:\Users\Winsido\.m2\repository\com\fasterxml\jackson\core\jackson-annotations\2.9.0\jackson-annotations-2.9.0.jar;C:\Users\Winsido\.m2\repository\commons-io\commons-io\2.6\commons-io-2.6.jar;C:\Users\Winsido\.m2\repository\org\apache\httpcomponents\httpclient-cache\4.5.5\httpclient-cache-4.5.5.jar;C:\Users\Winsido\.m2\repository\org\apache\thrift\libthrift\0.10.0\libthrift-0.10.0.jar;C:\Users\Winsido\.m2\repository\org\slf4j\jcl-over-slf4j\1.7.25\jcl-over-slf4j-1.7.25.jar;C:\Users\Winsido\.m2\repository\org\apache\commons\commons-lang3\3.4\commons-lang3-3.4.jar;C:\Users\Winsido\.m2\repository\org\apache\jena\jena-tdb2\3.9.0\jena-tdb2-3.9.0.jar;C:\Users\Winsido\.m2\repository\org\apache\jena\jena-dboe-trans-data\3.9.0\jena-dboe-trans-data-3.9.0.jar;C:\Users\Winsido\.m2\repository\org\apache\jena\jena-dboe-transaction\3.9.0\jena-dboe-transaction-3.9.0.jar;C:\Users\Winsido\.m2\repository\org\apache\jena\jena-dboe-base\3.9.0\jena-dboe-base-3.9.0.jar;C:\Users\Winsido\.m2\repository\org\apache\jena\jena-dboe-index\3.9.0\jena-dboe-index-3.9.0.jar;C:\Users\Winsido\.m2\repository\org\apache\jena\jena-rdfconnection\3.9.0\jena-rdfconnection-3.9.0.jar;C:\Users\Winsido\.m2\repository\org\slf4j\slf4j-api\1.7.25\slf4j-api-1.7.25.jar;C:\Users\Winsido\.m2\repository\org\apache\jena\jena-cmds\3.9.0\jena-cmds-3.9.0.jar;C:\Users\Winsido\.m2\repository\org\slf4j\slf4j-log4j12\1.7.25\slf4j-log4j12-1.7.25.jar;C:\Users\Winsido\.m2\repository\log4j\log4j\1.2.17\log4j-1.2.17.jar;C:\Users\Winsido\.m2\repository\org\apache\jena\jena-text\3.9.0\jena-text-3.9.0.jar;C:\Users\Winsido\.m2\repository\commons-codec\commons-codec\1.11\commons-codec-1.11.jar;C:\Users\Winsido\.m2\repository\org\apache\lucene\lucene-core\6.4.1\lucene-core-6.4.1.jar;C:\Users\Winsido\.m2\repository\org\apache\lucene\lucene-analyzers-common\6.4.1\lucene-analyzers-common-6.4.1.jar;C:\Users\Winsido\.m2\repository\org\apache\lucene\lucene-queryparser\6.4.1\lucene-queryparser-6.4.1.jar;C:\Users\Winsido\.m2\repository\org\apache\lucene\lucene-queries\6.4.1\lucene-queries-6.4.1.jar;C:\Users\Winsido\.m2\repository\org\apache\lucene\lucene-sandbox\6.4.1\lucene-sandbox-6.4.1.jar;C:\Users\Winsido\.m2\repository\org\apache\lucene\lucene-highlighter\6.4.1\lucene-highlighter-6.4.1.jar;C:\Users\Winsido\.m2\repository\org\apache\lucene\lucene-join\6.4.1\lucene-join-6.4.1.jar;C:\Users\Winsido\.m2\repository\org\apache\lucene\lucene-memory\6.4.1\lucene-memory-6.4.1.jar;"/>
    <property name="sun.cpu.endian" value="little"/>
    <property name="user.home" value="C:\Users\Winsido"/>
    <property name="user.language" value="fr"/>
    <property name="java.specification.vendor" value="Oracle Corporation"/>
    <property name="java.home" value="C:\Program Files\Java\jdk1.8.0_101\jre"/>
    <property name="basedir" value="C:\Users\Winsido\Desktop\GIT\StageJenaRDF"/>
    <property name="file.separator" value="\"/>
    <property name="line.separator" value="&#10;"/>
    <property name="java.vm.specification.vendor" value="Oracle Corporation"/>
    <property name="java.specification.name" value="Java Platform API Specification"/>
    <property name="java.awt.graphicsenv" value="sun.awt.Win32GraphicsEnvironment"/>
    <property name="surefire.real.class.path" value="C:\Users\Winsido\AppData\Local\Temp\surefire3013613741841536792\surefirebooter873388590283688852.jar"/>
    <property name="sun.boot.class.path" value="C:\Program Files\Java\jdk1.8.0_101\jre\lib\resources.jar;C:\Program Files\Java\jdk1.8.0_101\jre\lib\rt.jar;C:\Program Files\Java\jdk1.8.0_101\jre\lib\sunrsasign.jar;C:\Program Files\Java\jdk1.8.0_101\jre\lib\jsse.jar;C:\Program Files\Java\jdk1.8.0_101\jre\lib\jce.jar;C:\Program Files\Java\jdk1.8.0_101\jre\lib\charsets.jar;C:\Program Files\Java\jdk1.8.0_101\jre\lib\jfr.jar;C:\Program Files\Java\jdk1.8.0_101\jre\classes"/>
    <property name="user.script" value=""/>
    <property name="sun.management.compiler" value="HotSpot 64-Bit Tiered Compilers"/>
    <property name="java.runtime.version" value="1.8.0_101-b13"/>
    <property name="user.name" value="Amir"/>
    <property name="path.separator" value=";"/>
    <property name="os.version" value="10.0"/>
    <property name="java.endorsed.dirs" value="C:\Program Files\Java\jdk1.8.0_101\jre\lib\endorsed"/>
    <property name="java.runtime.name" value="Java(TM) SE Runtime Environment"/>
    <property name="file.encoding" value="Cp1252"/>
    <property name="java.vm.name" value="Java HotSpot(TM) 64-Bit Server VM"/>
    <property name="localRepository" value="C:\Users\Winsido\.m2\repository"/>
    <property name="java.vendor.url.bug" value="http://bugreport.sun.com/bugreport/"/>
    <property name="java.io.tmpdir" value="C:\Users\Winsido\AppData\Local\Temp\"/>
    <property name="java.version" value="1.8.0_101"/>
    <property name="user.dir" value="C:\Users\Winsido\Desktop\GIT\StageJenaRDF"/>
    <property name="os.arch" value="amd64"/>
    <property name="java.vm.specification.name" value="Java Virtual Machine Specification"/>
    <property name="java.awt.printerjob" value="sun.awt.windows.WPrinterJob"/>
    <property name="sun.os.patch.level" value=""/>
    <property name="java.library.path" value="C:\Program Files\Java\jdk1.8.0_101\jre\bin;C:\WINDOWS\Sun\Java\bin;C:\WINDOWS\system32;C:\WINDOWS;C:\Program Files (x86)\Common Files\Oracle\Java\javapath;D:\app\Amir\product\11.2.0\dbhome_1\bin;C:\Program Files\Microsoft MPI\Bin;C:\ProgramData\Oracle\Java\javapath\;C:\WINDOWS\system32;C:\WINDOWS;C:\WINDOWS\System32\Wbem;C:\WINDOWS\System32\WindowsPowerShell\v1.0\;C:\WINDOWS\System32\OpenSSH\;C:\Program Files (x86)\Microsoft SQL Server\100\Tools\Binn\;C:\Program Files (x86)\Microsoft SQL Server\100\DTS\Binn\;C:\Program Files (x86)\Microsoft SQL Server\100\Tools\Binn\VSShell\Common7\IDE\;C:\Program Files\TortoiseSVN\bin;C:\Program Files\Git\cmd;C:\Program Files\Java\jdk1.8.0_101\bin;C:\Users\Winsido\Documents\Maven\apache-maven-3.6.0\bin;D:\d2rq-0.8.1;C:\Users\Winsido\AppData\Local\Microsoft\WindowsApps\C:\Users\Winsido\Documents\Maven\apache-maven-3.6.0\bin;;."/>
    <property name="java.vm.info" value="mixed mode"/>
    <property name="java.vendor" value="Oracle Corporation"/>
    <property name="java.vm.version" value="25.101-b13"/>
    <property name="java.ext.dirs" value="C:\Program Files\Java\jdk1.8.0_101\jre\lib\ext;C:\WINDOWS\Sun\Java\lib\ext"/>
    <property name="sun.io.unicode.encoding" value="UnicodeLittle"/>
    <property name="java.class.version" value="52.0"/>
  </properties>
  <testcase name="shouldAnswerWithTrue" classname="uvsq.AppTest" time="0.003"/>
</testsuite>